c:\users\sglee\documents\workspace\vstudio\solution\managedapp\clrprj\x64\debug\clrprj.pch
c:\users\sglee\documents\workspace\vstudio\solution\managedapp\clrprj\x64\debug\vc142.pdb
c:\users\sglee\documents\workspace\vstudio\solution\managedapp\clrprj\x64\debug\pch.obj
c:\users\sglee\documents\workspace\vstudio\solution\managedapp\clrprj\x64\debug\clrprj.obj
c:\users\sglee\documents\workspace\vstudio\solution\managedapp\clrprj\x64\debug\assemblyinfo.obj
c:\users\sglee\documents\workspace\vstudio\solution\managedapp\clrprj\x64\debug\.netframework,version=v4.7.2.assemblyattributes.obj
c:\users\sglee\documents\workspace\vstudio\solution\managedapp\clrprj\x64\debug\.netframework,version=v4.7.2.assemblyattributes.asm
c:\users\sglee\documents\workspace\vstudio\solution\managedapp\x64\debug\clrprj.lib
c:\users\sglee\documents\workspace\vstudio\solution\managedapp\x64\debug\clrprj.exp
c:\users\sglee\documents\workspace\vstudio\solution\managedapp\x64\debug\clrprj.dll
c:\users\sglee\documents\workspace\vstudio\solution\managedapp\x64\debug\clrprj.pdb
c:\users\sglee\documents\workspace\vstudio\solution\managedapp\clrprj\x64\debug\app.res
c:\users\sglee\documents\workspace\vstudio\solution\managedapp\clrprj\x64\debug\clrprj.tlog\cl.command.1.tlog
c:\users\sglee\documents\workspace\vstudio\solution\managedapp\clrprj\x64\debug\clrprj.tlog\cl.read.1.tlog
c:\users\sglee\documents\workspace\vstudio\solution\managedapp\clrprj\x64\debug\clrprj.tlog\cl.write.1.tlog
c:\users\sglee\documents\workspace\vstudio\solution\managedapp\clrprj\x64\debug\clrprj.tlog\clrprj.write.1u.tlog
c:\users\sglee\documents\workspace\vstudio\solution\managedapp\clrprj\x64\debug\clrprj.tlog\link.command.1.tlog
c:\users\sglee\documents\workspace\vstudio\solution\managedapp\clrprj\x64\debug\clrprj.tlog\link.read.1.tlog
c:\users\sglee\documents\workspace\vstudio\solution\managedapp\clrprj\x64\debug\clrprj.tlog\link.write.1.tlog
c:\users\sglee\documents\workspace\vstudio\solution\managedapp\clrprj\x64\debug\clrprj.tlog\metagen.read.1.tlog
c:\users\sglee\documents\workspace\vstudio\solution\managedapp\clrprj\x64\debug\clrprj.tlog\metagen.write.1.tlog
c:\users\sglee\documents\workspace\vstudio\solution\managedapp\clrprj\x64\debug\clrprj.tlog\rc.command.1.tlog
c:\users\sglee\documents\workspace\vstudio\solution\managedapp\clrprj\x64\debug\clrprj.tlog\rc.read.1.tlog
c:\users\sglee\documents\workspace\vstudio\solution\managedapp\clrprj\x64\debug\clrprj.tlog\rc.write.1.tlog
