c:\users\sglee\documents\workspace\vstudio\solution\managedapp\mfcextprj\x64\debug\mfcextprj.pch
c:\users\sglee\documents\workspace\vstudio\solution\managedapp\mfcextprj\x64\debug\vc142.pdb
c:\users\sglee\documents\workspace\vstudio\solution\managedapp\mfcextprj\x64\debug\vc142.idb
c:\users\sglee\documents\workspace\vstudio\solution\managedapp\mfcextprj\x64\debug\pch.obj
c:\users\sglee\documents\workspace\vstudio\solution\managedapp\mfcextprj\x64\debug\mfcextprj.obj
c:\users\sglee\documents\workspace\vstudio\solution\managedapp\mfcextprj\x64\debug\classmfc.obj
c:\users\sglee\documents\workspace\vstudio\solution\managedapp\mfcextprj\x64\debug\dllmain.obj
c:\users\sglee\documents\workspace\vstudio\solution\managedapp\x64\debug\mfcextprj.ilk
c:\users\sglee\documents\workspace\vstudio\solution\managedapp\x64\debug\mfcextprj.dll
c:\users\sglee\documents\workspace\vstudio\solution\managedapp\x64\debug\mfcextprj.pdb
c:\users\sglee\documents\workspace\vstudio\solution\managedapp\x64\debug\mfcextprj.lib
c:\users\sglee\documents\workspace\vstudio\solution\managedapp\x64\debug\mfcextprj.exp
c:\users\sglee\documents\workspace\vstudio\solution\managedapp\mfcextprj\x64\debug\mfcextprj.res
c:\users\sglee\documents\workspace\vstudio\solution\managedapp\mfcextprj\x64\debug\mfcextprj.tlog\cl.command.1.tlog
c:\users\sglee\documents\workspace\vstudio\solution\managedapp\mfcextprj\x64\debug\mfcextprj.tlog\cl.read.1.tlog
c:\users\sglee\documents\workspace\vstudio\solution\managedapp\mfcextprj\x64\debug\mfcextprj.tlog\cl.write.1.tlog
c:\users\sglee\documents\workspace\vstudio\solution\managedapp\mfcextprj\x64\debug\mfcextprj.tlog\link.command.1.tlog
c:\users\sglee\documents\workspace\vstudio\solution\managedapp\mfcextprj\x64\debug\mfcextprj.tlog\link.read.1.tlog
c:\users\sglee\documents\workspace\vstudio\solution\managedapp\mfcextprj\x64\debug\mfcextprj.tlog\link.write.1.tlog
c:\users\sglee\documents\workspace\vstudio\solution\managedapp\mfcextprj\x64\debug\mfcextprj.tlog\mfcextprj.write.1u.tlog
c:\users\sglee\documents\workspace\vstudio\solution\managedapp\mfcextprj\x64\debug\mfcextprj.tlog\rc.command.1.tlog
c:\users\sglee\documents\workspace\vstudio\solution\managedapp\mfcextprj\x64\debug\mfcextprj.tlog\rc.read.1.tlog
c:\users\sglee\documents\workspace\vstudio\solution\managedapp\mfcextprj\x64\debug\mfcextprj.tlog\rc.write.1.tlog
